<?xml version="1.0" encoding="UTF-8"?>
<!-- Generated by org.testng.reporters.JUnitReportReporter -->
<testsuite skipped="0" hostname="DNY15175" name="com.construtcapp.runners.ParallelRunner" tests="2" failures="0" timestamp="18 May 2021 15:21:45 GMT" time="0.235" errors="2">
  <testcase name="setUpClass" time="0.004" classname="com.construtcapp.runners.ParallelRunner">
    <error type="java.lang.VerifyError" message="Bad type on operand stack
Exception Details:
  Location:
    io/cucumber/messages/Messages$Envelope$Builder.mergeSource(Lio/cucumber/messages/Messages$Source;)Lio/cucumber/messages/Messages$Envelope$Builder; @74: invokevirtual
  Reason:
    Type &#039;io/cucumber/messages/Messages$Source&#039; (current frame, stack[1]) is not assignable to &#039;io/cucumber/messages/internal/com/google/protobuf/AbstractMessage&#039;
  Current Frame:
    bci: @74
    flags: { }
    locals: { &#039;io/cucumber/messages/Messages$Envelope$Builder&#039;, &#039;io/cucumber/messages/Messages$Source&#039; }
    stack: { &#039;io/cucumber/messages/internal/com/google/protobuf/SingleFieldBuilderV3&#039;, &#039;io/cucumber/messages/Messages$Source&#039; }
  Bytecode:
    0x0000000: 2ab4 012b c700 392a b401 0004 a000 252a
    0x0000010: b401 13b8 0250 a500 1b2a 2ab4 0113 c000
    0x0000020: 0ab8 0265 2bb6 0267 b602 69b5 0113 a700
    0x0000030: 082a 2bb5 0113 2ab6 0224 a700 1d2a b401
    0x0000040: 0004 a000 0c2a b401 2b2b b602 6b57 2ab4
    0x0000050: 012b 2bb6 025b 572a 04b5 0100 2ab0     
  Stackmap Table:
    same_frame(@49)
    same_frame(@54)
    same_frame(@61)
    same_frame(@78)
    same_frame(@87)
">
      <![CDATA[java.lang.VerifyError: Bad type on operand stack
Exception Details:
  Location:
    io/cucumber/messages/Messages$Envelope$Builder.mergeSource(Lio/cucumber/messages/Messages$Source;)Lio/cucumber/messages/Messages$Envelope$Builder; @74: invokevirtual
  Reason:
    Type 'io/cucumber/messages/Messages$Source' (current frame, stack[1]) is not assignable to 'io/cucumber/messages/internal/com/google/protobuf/AbstractMessage'
  Current Frame:
    bci: @74
    flags: { }
    locals: { 'io/cucumber/messages/Messages$Envelope$Builder', 'io/cucumber/messages/Messages$Source' }
    stack: { 'io/cucumber/messages/internal/com/google/protobuf/SingleFieldBuilderV3', 'io/cucumber/messages/Messages$Source' }
  Bytecode:
    0x0000000: 2ab4 012b c700 392a b401 0004 a000 252a
    0x0000010: b401 13b8 0250 a500 1b2a 2ab4 0113 c000
    0x0000020: 0ab8 0265 2bb6 0267 b602 69b5 0113 a700
    0x0000030: 082a 2bb5 0113 2ab6 0224 a700 1d2a b401
    0x0000040: 0004 a000 0c2a b401 2b2b b602 6b57 2ab4
    0x0000050: 012b 2bb6 025b 572a 04b5 0100 2ab0     
  Stackmap Table:
    same_frame(@49)
    same_frame(@54)
    same_frame(@61)
    same_frame(@78)
    same_frame(@87)

	at io.cucumber.messages.Messages$Envelope.toBuilder(Messages.java:1585)
	at io.cucumber.messages.Messages$Envelope.newBuilder(Messages.java:1577)
	at io.cucumber.core.runtime.CucumberExecutionContext.emitMeta(CucumberExecutionContext.java:56)
	at io.cucumber.core.runtime.CucumberExecutionContext.startTestRun(CucumberExecutionContext.java:51)
	at io.cucumber.testng.TestNGCucumberRunner.<init>(TestNGCucumberRunner.java:108)
	at io.cucumber.testng.AbstractTestNGCucumberTests.setUpClass(AbstractTestNGCucumberTests.java:23)
	at sun.reflect.NativeMethodAccessorImpl.invoke0(Native Method)
	at sun.reflect.NativeMethodAccessorImpl.invoke(NativeMethodAccessorImpl.java:62)
	at sun.reflect.DelegatingMethodAccessorImpl.invoke(DelegatingMethodAccessorImpl.java:43)
	at java.lang.reflect.Method.invoke(Method.java:498)
	at org.testng.internal.MethodInvocationHelper.invokeMethod(MethodInvocationHelper.java:108)
	at org.testng.internal.Invoker.invokeConfigurationMethod(Invoker.java:523)
	at org.testng.internal.Invoker.invokeConfigurations(Invoker.java:224)
	at org.testng.internal.Invoker.invokeConfigurations(Invoker.java:146)
	at org.testng.internal.TestMethodWorker.invokeBeforeClassMethods(TestMethodWorker.java:166)
	at org.testng.internal.TestMethodWorker.run(TestMethodWorker.java:105)
	at org.testng.TestRunner.privateRun(TestRunner.java:744)
	at org.testng.TestRunner.run(TestRunner.java:602)
	at org.testng.SuiteRunner.runTest(SuiteRunner.java:380)
	at org.testng.SuiteRunner.access$000(SuiteRunner.java:39)
	at org.testng.SuiteRunner$SuiteWorker.run(SuiteRunner.java:414)
	at org.testng.internal.thread.ThreadUtil$1.call(ThreadUtil.java:52)
	at java.util.concurrent.FutureTask.run(FutureTask.java:266)
	at java.util.concurrent.ThreadPoolExecutor.runWorker(ThreadPoolExecutor.java:1149)
	at java.util.concurrent.ThreadPoolExecutor$Worker.run(ThreadPoolExecutor.java:624)
	at java.lang.Thread.run(Thread.java:748)
]]>
    </error>
  </testcase> <!-- setUpClass -->
  <testcase name="setUpClass" time="0.231" classname="com.construtcapp.runners.ParallelRunner">
    <error type="java.lang.VerifyError" message="Bad type on operand stack
Exception Details:
  Location:
    io/cucumber/messages/Messages$Envelope$Builder.mergeSource(Lio/cucumber/messages/Messages$Source;)Lio/cucumber/messages/Messages$Envelope$Builder; @74: invokevirtual
  Reason:
    Type &#039;io/cucumber/messages/Messages$Source&#039; (current frame, stack[1]) is not assignable to &#039;io/cucumber/messages/internal/com/google/protobuf/AbstractMessage&#039;
  Current Frame:
    bci: @74
    flags: { }
    locals: { &#039;io/cucumber/messages/Messages$Envelope$Builder&#039;, &#039;io/cucumber/messages/Messages$Source&#039; }
    stack: { &#039;io/cucumber/messages/internal/com/google/protobuf/SingleFieldBuilderV3&#039;, &#039;io/cucumber/messages/Messages$Source&#039; }
  Bytecode:
    0x0000000: 2ab4 012b c700 392a b401 0004 a000 252a
    0x0000010: b401 13b8 0250 a500 1b2a 2ab4 0113 c000
    0x0000020: 0ab8 0265 2bb6 0267 b602 69b5 0113 a700
    0x0000030: 082a 2bb5 0113 2ab6 0224 a700 1d2a b401
    0x0000040: 0004 a000 0c2a b401 2b2b b602 6b57 2ab4
    0x0000050: 012b 2bb6 025b 572a 04b5 0100 2ab0     
  Stackmap Table:
    same_frame(@49)
    same_frame(@54)
    same_frame(@61)
    same_frame(@78)
    same_frame(@87)
">
      <![CDATA[java.lang.VerifyError: Bad type on operand stack
Exception Details:
  Location:
    io/cucumber/messages/Messages$Envelope$Builder.mergeSource(Lio/cucumber/messages/Messages$Source;)Lio/cucumber/messages/Messages$Envelope$Builder; @74: invokevirtual
  Reason:
    Type 'io/cucumber/messages/Messages$Source' (current frame, stack[1]) is not assignable to 'io/cucumber/messages/internal/com/google/protobuf/AbstractMessage'
  Current Frame:
    bci: @74
    flags: { }
    locals: { 'io/cucumber/messages/Messages$Envelope$Builder', 'io/cucumber/messages/Messages$Source' }
    stack: { 'io/cucumber/messages/internal/com/google/protobuf/SingleFieldBuilderV3', 'io/cucumber/messages/Messages$Source' }
  Bytecode:
    0x0000000: 2ab4 012b c700 392a b401 0004 a000 252a
    0x0000010: b401 13b8 0250 a500 1b2a 2ab4 0113 c000
    0x0000020: 0ab8 0265 2bb6 0267 b602 69b5 0113 a700
    0x0000030: 082a 2bb5 0113 2ab6 0224 a700 1d2a b401
    0x0000040: 0004 a000 0c2a b401 2b2b b602 6b57 2ab4
    0x0000050: 012b 2bb6 025b 572a 04b5 0100 2ab0     
  Stackmap Table:
    same_frame(@49)
    same_frame(@54)
    same_frame(@61)
    same_frame(@78)
    same_frame(@87)

	at io.cucumber.messages.Messages$Envelope.toBuilder(Messages.java:1585)
	at io.cucumber.messages.Messages$Envelope.newBuilder(Messages.java:1577)
	at io.cucumber.core.runtime.CucumberExecutionContext.emitMeta(CucumberExecutionContext.java:56)
	at io.cucumber.core.runtime.CucumberExecutionContext.startTestRun(CucumberExecutionContext.java:51)
	at io.cucumber.testng.TestNGCucumberRunner.<init>(TestNGCucumberRunner.java:108)
	at io.cucumber.testng.AbstractTestNGCucumberTests.setUpClass(AbstractTestNGCucumberTests.java:23)
	at sun.reflect.NativeMethodAccessorImpl.invoke0(Native Method)
	at sun.reflect.NativeMethodAccessorImpl.invoke(NativeMethodAccessorImpl.java:62)
	at sun.reflect.DelegatingMethodAccessorImpl.invoke(DelegatingMethodAccessorImpl.java:43)
	at java.lang.reflect.Method.invoke(Method.java:498)
	at org.testng.internal.MethodInvocationHelper.invokeMethod(MethodInvocationHelper.java:108)
	at org.testng.internal.Invoker.invokeConfigurationMethod(Invoker.java:523)
	at org.testng.internal.Invoker.invokeConfigurations(Invoker.java:224)
	at org.testng.internal.Invoker.invokeConfigurations(Invoker.java:146)
	at org.testng.internal.TestMethodWorker.invokeBeforeClassMethods(TestMethodWorker.java:166)
	at org.testng.internal.TestMethodWorker.run(TestMethodWorker.java:105)
	at org.testng.TestRunner.privateRun(TestRunner.java:744)
	at org.testng.TestRunner.run(TestRunner.java:602)
	at org.testng.SuiteRunner.runTest(SuiteRunner.java:380)
	at org.testng.SuiteRunner.access$000(SuiteRunner.java:39)
	at org.testng.SuiteRunner$SuiteWorker.run(SuiteRunner.java:414)
	at org.testng.internal.thread.ThreadUtil$1.call(ThreadUtil.java:52)
	at java.util.concurrent.FutureTask.run(FutureTask.java:266)
	at java.util.concurrent.ThreadPoolExecutor.runWorker(ThreadPoolExecutor.java:1149)
	at java.util.concurrent.ThreadPoolExecutor$Worker.run(ThreadPoolExecutor.java:624)
	at java.lang.Thread.run(Thread.java:748)
]]>
    </error>
  </testcase> <!-- setUpClass -->
</testsuite> <!-- com.construtcapp.runners.ParallelRunner -->
